{"/Users/vivianesantanaluz/Desktop/Future4/Viviane-Luz/semana12/projeto/planner-boilerplate/src/index.js": {"path":"/Users/vivianesantanaluz/Desktop/Future4/Viviane-Luz/semana12/projeto/planner-boilerplate/src/index.js","statementMap":{"0":{"start":{"line":5,"column":20},"end":{"line":5,"column":51}},"1":{"start":{"line":6,"column":0},"end":{"line":6,"column":38}}},"fnMap":{},"branchMap":{},"s":{"0":0,"1":0},"f":{},"b":{},"hash":"6fd555972d823813138ba8b15c9ebfa2c0a10b36"}
,"/Users/vivianesantanaluz/Desktop/Future4/Viviane-Luz/semana12/projeto/planner-boilerplate/src/actions/task.js": {"path":"/Users/vivianesantanaluz/Desktop/Future4/Viviane-Luz/semana12/projeto/planner-boilerplate/src/actions/task.js","statementMap":{"0":{"start":{"line":6,"column":23},"end":{"line":13,"column":1}},"1":{"start":{"line":7,"column":4},"end":{"line":12,"column":6}},"2":{"start":{"line":16,"column":23},"end":{"line":19,"column":1}},"3":{"start":{"line":16,"column":29},"end":{"line":19,"column":1}},"4":{"start":{"line":17,"column":17},"end":{"line":17,"column":112}},"5":{"start":{"line":18,"column":4},"end":{"line":18,"column":33}},"6":{"start":{"line":20,"column":26},"end":{"line":27,"column":1}},"7":{"start":{"line":20,"column":41},"end":{"line":27,"column":1}},"8":{"start":{"line":21,"column":17},"end":{"line":24,"column":5}},"9":{"start":{"line":25,"column":17},"end":{"line":25,"column":119}},"10":{"start":{"line":26,"column":5},"end":{"line":26,"column":25}}},"fnMap":{"0":{"name":"(anonymous_0)","decl":{"start":{"line":6,"column":23},"end":{"line":6,"column":24}},"loc":{"start":{"line":6,"column":31},"end":{"line":13,"column":1}},"line":6},"1":{"name":"(anonymous_1)","decl":{"start":{"line":16,"column":23},"end":{"line":16,"column":24}},"loc":{"start":{"line":16,"column":29},"end":{"line":19,"column":1}},"line":16},"2":{"name":"(anonymous_2)","decl":{"start":{"line":16,"column":29},"end":{"line":16,"column":30}},"loc":{"start":{"line":16,"column":59},"end":{"line":19,"column":1}},"line":16},"3":{"name":"(anonymous_3)","decl":{"start":{"line":20,"column":26},"end":{"line":20,"column":27}},"loc":{"start":{"line":20,"column":41},"end":{"line":27,"column":1}},"line":20},"4":{"name":"(anonymous_4)","decl":{"start":{"line":20,"column":41},"end":{"line":20,"column":42}},"loc":{"start":{"line":20,"column":71},"end":{"line":27,"column":1}},"line":20}},"branchMap":{},"s":{"0":1,"1":2,"2":1,"3":1,"4":1,"5":1,"6":1,"7":0,"8":0,"9":0,"10":0},"f":{"0":2,"1":1,"2":1,"3":0,"4":0},"b":{},"_coverageSchema":"43e27e138ebf9cfc5966b082cf9a028302ed4184","hash":"84a7d672dd5e341c2f8b5f7e09601c2e2947f09e"}
,"/Users/vivianesantanaluz/Desktop/Future4/Viviane-Luz/semana12/projeto/planner-boilerplate/src/containers/App/index.js": {"path":"/Users/vivianesantanaluz/Desktop/Future4/Viviane-Luz/semana12/projeto/planner-boilerplate/src/containers/App/index.js","statementMap":{"0":{"start":{"line":10,"column":20},"end":{"line":15,"column":1}},"1":{"start":{"line":14,"column":11},"end":{"line":14,"column":12}},"2":{"start":{"line":17,"column":14},"end":{"line":17,"column":63}},"3":{"start":{"line":19,"column":19},"end":{"line":26,"column":1}},"4":{"start":{"line":20,"column":2},"end":{"line":25,"column":13}}},"fnMap":{"0":{"name":"(anonymous_0)","decl":{"start":{"line":14,"column":6},"end":{"line":14,"column":7}},"loc":{"start":{"line":14,"column":11},"end":{"line":14,"column":12}},"line":14},"1":{"name":"(anonymous_1)","decl":{"start":{"line":19,"column":19},"end":{"line":19,"column":20}},"loc":{"start":{"line":20,"column":2},"end":{"line":25,"column":13}},"line":20}},"branchMap":{"0":{"loc":{"start":{"line":12,"column":2},"end":{"line":14,"column":12}},"type":"cond-expr","locations":[{"start":{"line":13,"column":6},"end":{"line":13,"column":43}},{"start":{"line":14,"column":6},"end":{"line":14,"column":12}}],"line":12}},"s":{"0":0,"1":0,"2":0,"3":0,"4":0},"f":{"0":0,"1":0},"b":{"0":[0,0]},"hash":"9ef1e513564c8a8c04595efd3dc633ab2034e37e"}
,"/Users/vivianesantanaluz/Desktop/Future4/Viviane-Luz/semana12/projeto/planner-boilerplate/src/containers/Planner/index.js": {"path":"/Users/vivianesantanaluz/Desktop/Future4/Viviane-Luz/semana12/projeto/planner-boilerplate/src/containers/Planner/index.js","statementMap":{"0":{"start":{"line":10,"column":4},"end":{"line":10,"column":16}},"1":{"start":{"line":11,"column":4},"end":{"line":14,"column":5}},"2":{"start":{"line":16,"column":20},"end":{"line":18,"column":1}},"3":{"start":{"line":17,"column":2},"end":{"line":17,"column":22}},"4":{"start":{"line":19,"column":17},"end":{"line":21,"column":3}},"5":{"start":{"line":20,"column":2},"end":{"line":20,"column":45}},"6":{"start":{"line":23,"column":11},"end":{"line":27,"column":1}},"7":{"start":{"line":24,"column":2},"end":{"line":24,"column":24}},"8":{"start":{"line":25,"column":2},"end":{"line":25,"column":57}},"9":{"start":{"line":26,"column":2},"end":{"line":26,"column":28}},"10":{"start":{"line":29,"column":21},"end":{"line":31,"column":1}},"11":{"start":{"line":30,"column":2},"end":{"line":30,"column":45}},"12":{"start":{"line":34,"column":17},"end":{"line":43,"column":5}},"13":{"start":{"line":44,"column":4},"end":{"line":44,"column":32}},"14":{"start":{"line":45,"column":4},"end":{"line":84,"column":5}},"15":{"start":{"line":59,"column":6},"end":{"line":61,"column":13}},"16":{"start":{"line":70,"column":12},"end":{"line":80,"column":14}},"17":{"start":{"line":75,"column":20},"end":{"line":77,"column":21}},"18":{"start":{"line":76,"column":22},"end":{"line":76,"column":64}},"19":{"start":{"line":88,"column":14},"end":{"line":90,"column":1}},"20":{"start":{"line":91,"column":13},"end":{"line":95,"column":1}},"21":{"start":{"line":96,"column":15},"end":{"line":99,"column":1}},"22":{"start":{"line":100,"column":18},"end":{"line":106,"column":1}},"23":{"start":{"line":107,"column":15},"end":{"line":111,"column":1}},"24":{"start":{"line":112,"column":14},"end":{"line":116,"column":1}},"25":{"start":{"line":117,"column":27},"end":{"line":118,"column":43}},"26":{"start":{"line":118,"column":2},"end":{"line":118,"column":43}},"27":{"start":{"line":120,"column":24},"end":{"line":122,"column":2}},"28":{"start":{"line":120,"column":35},"end":{"line":122,"column":1}}},"fnMap":{"0":{"name":"(anonymous_0)","decl":{"start":{"line":9,"column":2},"end":{"line":9,"column":3}},"loc":{"start":{"line":9,"column":20},"end":{"line":15,"column":1}},"line":9},"1":{"name":"(anonymous_1)","decl":{"start":{"line":16,"column":20},"end":{"line":16,"column":21}},"loc":{"start":{"line":16,"column":26},"end":{"line":18,"column":1}},"line":16},"2":{"name":"(anonymous_2)","decl":{"start":{"line":19,"column":17},"end":{"line":19,"column":18}},"loc":{"start":{"line":19,"column":28},"end":{"line":21,"column":3}},"line":19},"3":{"name":"(anonymous_3)","decl":{"start":{"line":23,"column":11},"end":{"line":23,"column":12}},"loc":{"start":{"line":23,"column":22},"end":{"line":27,"column":1}},"line":23},"4":{"name":"(anonymous_4)","decl":{"start":{"line":29,"column":21},"end":{"line":29,"column":22}},"loc":{"start":{"line":29,"column":32},"end":{"line":31,"column":1}},"line":29},"5":{"name":"(anonymous_5)","decl":{"start":{"line":33,"column":2},"end":{"line":33,"column":3}},"loc":{"start":{"line":33,"column":11},"end":{"line":85,"column":3}},"line":33},"6":{"name":"(anonymous_6)","decl":{"start":{"line":58,"column":53},"end":{"line":58,"column":54}},"loc":{"start":{"line":58,"column":61},"end":{"line":62,"column":11}},"line":58},"7":{"name":"(anonymous_7)","decl":{"start":{"line":69,"column":16},"end":{"line":69,"column":17}},"loc":{"start":{"line":69,"column":25},"end":{"line":81,"column":11}},"line":69},"8":{"name":"(anonymous_8)","decl":{"start":{"line":74,"column":38},"end":{"line":74,"column":39}},"loc":{"start":{"line":74,"column":48},"end":{"line":78,"column":19}},"line":74},"9":{"name":"(anonymous_9)","decl":{"start":{"line":117,"column":27},"end":{"line":117,"column":28}},"loc":{"start":{"line":118,"column":2},"end":{"line":118,"column":43}},"line":118},"10":{"name":"(anonymous_10)","decl":{"start":{"line":120,"column":24},"end":{"line":120,"column":25}},"loc":{"start":{"line":120,"column":35},"end":{"line":122,"column":1}},"line":120}},"branchMap":{"0":{"loc":{"start":{"line":73,"column":17},"end":{"line":78,"column":20}},"type":"binary-expr","locations":[{"start":{"line":73,"column":17},"end":{"line":73,"column":32}},{"start":{"line":74,"column":18},"end":{"line":78,"column":20}}],"line":73},"1":{"loc":{"start":{"line":75,"column":20},"end":{"line":77,"column":21}},"type":"if","locations":[{"start":{"line":75,"column":20},"end":{"line":77,"column":21}},{"start":{"line":75,"column":20},"end":{"line":77,"column":21}}],"line":75}},"s":{"0":0,"1":0,"2":0,"3":0,"4":0,"5":0,"6":0,"7":0,"8":0,"9":0,"10":0,"11":0,"12":0,"13":0,"14":0,"15":0,"16":0,"17":0,"18":0,"19":0,"20":0,"21":0,"22":0,"23":0,"24":0,"25":0,"26":0,"27":0,"28":0},"f":{"0":0,"1":0,"2":0,"3":0,"4":0,"5":0,"6":0,"7":0,"8":0,"9":0,"10":0},"b":{"0":[0,0],"1":[0,0]},"hash":"08a677166bd9c320c5acbe3e6548e2e115bc810c"}
,"/Users/vivianesantanaluz/Desktop/Future4/Viviane-Luz/semana12/projeto/planner-boilerplate/src/reducers/index.js": {"path":"/Users/vivianesantanaluz/Desktop/Future4/Viviane-Luz/semana12/projeto/planner-boilerplate/src/reducers/index.js","statementMap":{"0":{"start":{"line":4,"column":27},"end":{"line":6,"column":2}}},"fnMap":{},"branchMap":{},"s":{"0":0},"f":{},"b":{},"hash":"de02cb0fc95e9eaf925fcdfaf99a22f55fe5d35c"}
,"/Users/vivianesantanaluz/Desktop/Future4/Viviane-Luz/semana12/projeto/planner-boilerplate/src/reducers/task.js": {"path":"/Users/vivianesantanaluz/Desktop/Future4/Viviane-Luz/semana12/projeto/planner-boilerplate/src/reducers/task.js","statementMap":{"0":{"start":{"line":1,"column":21},"end":{"line":1,"column":23}},"1":{"start":{"line":3,"column":20},"end":{"line":10,"column":1}},"2":{"start":{"line":4,"column":4},"end":{"line":9,"column":5}},"3":{"start":{"line":6,"column":12},"end":{"line":6,"column":39}},"4":{"start":{"line":8,"column":16},"end":{"line":8,"column":28}}},"fnMap":{"0":{"name":"(anonymous_0)","decl":{"start":{"line":3,"column":20},"end":{"line":3,"column":21}},"loc":{"start":{"line":3,"column":54},"end":{"line":10,"column":1}},"line":3}},"branchMap":{"0":{"loc":{"start":{"line":3,"column":21},"end":{"line":3,"column":41}},"type":"default-arg","locations":[{"start":{"line":3,"column":29},"end":{"line":3,"column":41}}],"line":3},"1":{"loc":{"start":{"line":4,"column":4},"end":{"line":9,"column":5}},"type":"switch","locations":[{"start":{"line":5,"column":8},"end":{"line":6,"column":39}},{"start":{"line":7,"column":12},"end":{"line":8,"column":28}}],"line":4}},"s":{"0":0,"1":0,"2":0,"3":0,"4":0},"f":{"0":0},"b":{"0":[0],"1":[0,0]},"hash":"95b16153c760e1c595055106ca1be43e0b1d0574"}
,"/Users/vivianesantanaluz/Desktop/Future4/Viviane-Luz/semana12/projeto/planner-boilerplate/src/reducers/task.teste.js": {"path":"/Users/vivianesantanaluz/Desktop/Future4/Viviane-Luz/semana12/projeto/planner-boilerplate/src/reducers/task.teste.js","statementMap":{},"fnMap":{},"branchMap":{},"s":{},"f":{},"b":{},"hash":"687189f6da6ac6ef71f9b0169cb8b4a66150029a"}
,"/Users/vivianesantanaluz/Desktop/Future4/Viviane-Luz/semana12/projeto/planner-boilerplate/src/style/theme.js": {"path":"/Users/vivianesantanaluz/Desktop/Future4/Viviane-Luz/semana12/projeto/planner-boilerplate/src/style/theme.js","statementMap":{},"fnMap":{},"branchMap":{},"s":{},"f":{},"b":{},"hash":"bb16b3be3653ffaa4c3fd75736050516c1d8f962"}
}
