TN:
SF:/Users/vivianesantanaluz/Desktop/Future4/Viviane-Luz/semana12/projeto/planner-boilerplate/src/index.js
FNF:0
FNH:0
DA:5,0
DA:6,0
LF:2
LH:0
BRF:0
BRH:0
end_of_record
TN:
SF:/Users/vivianesantanaluz/Desktop/Future4/Viviane-Luz/semana12/projeto/planner-boilerplate/src/actions/task.js
FN:6,(anonymous_0)
FN:16,(anonymous_1)
FN:16,(anonymous_2)
FN:20,(anonymous_3)
FN:20,(anonymous_4)
FNF:5
FNH:3
FNDA:2,(anonymous_0)
FNDA:1,(anonymous_1)
FNDA:1,(anonymous_2)
FNDA:0,(anonymous_3)
FNDA:0,(anonymous_4)
DA:6,1
DA:7,2
DA:16,1
DA:17,1
DA:18,1
DA:20,1
DA:21,0
DA:25,0
DA:26,0
LF:9
LH:6
BRF:0
BRH:0
end_of_record
TN:
SF:/Users/vivianesantanaluz/Desktop/Future4/Viviane-Luz/semana12/projeto/planner-boilerplate/src/containers/App/index.js
FN:14,(anonymous_0)
FN:19,(anonymous_1)
FNF:2
FNH:0
FNDA:0,(anonymous_0)
FNDA:0,(anonymous_1)
DA:10,0
DA:14,0
DA:17,0
DA:19,0
DA:20,0
LF:5
LH:0
BRDA:12,0,0,0
BRDA:12,0,1,0
BRF:2
BRH:0
end_of_record
TN:
SF:/Users/vivianesantanaluz/Desktop/Future4/Viviane-Luz/semana12/projeto/planner-boilerplate/src/containers/Planner/index.js
FN:9,(anonymous_0)
FN:16,(anonymous_1)
FN:19,(anonymous_2)
FN:23,(anonymous_3)
FN:29,(anonymous_4)
FN:33,(anonymous_5)
FN:58,(anonymous_6)
FN:69,(anonymous_7)
FN:74,(anonymous_8)
FN:117,(anonymous_9)
FN:120,(anonymous_10)
FNF:11
FNH:0
FNDA:0,(anonymous_0)
FNDA:0,(anonymous_1)
FNDA:0,(anonymous_2)
FNDA:0,(anonymous_3)
FNDA:0,(anonymous_4)
FNDA:0,(anonymous_5)
FNDA:0,(anonymous_6)
FNDA:0,(anonymous_7)
FNDA:0,(anonymous_8)
FNDA:0,(anonymous_9)
FNDA:0,(anonymous_10)
DA:10,0
DA:11,0
DA:16,0
DA:17,0
DA:19,0
DA:20,0
DA:23,0
DA:24,0
DA:25,0
DA:26,0
DA:29,0
DA:30,0
DA:34,0
DA:44,0
DA:45,0
DA:59,0
DA:70,0
DA:75,0
DA:76,0
DA:88,0
DA:91,0
DA:96,0
DA:100,0
DA:107,0
DA:112,0
DA:117,0
DA:118,0
DA:120,0
LF:28
LH:0
BRDA:73,0,0,0
BRDA:73,0,1,0
BRDA:75,1,0,0
BRDA:75,1,1,0
BRF:4
BRH:0
end_of_record
TN:
SF:/Users/vivianesantanaluz/Desktop/Future4/Viviane-Luz/semana12/projeto/planner-boilerplate/src/reducers/index.js
FNF:0
FNH:0
DA:4,0
LF:1
LH:0
BRF:0
BRH:0
end_of_record
TN:
SF:/Users/vivianesantanaluz/Desktop/Future4/Viviane-Luz/semana12/projeto/planner-boilerplate/src/reducers/task.js
FN:3,(anonymous_0)
FNF:1
FNH:0
FNDA:0,(anonymous_0)
DA:1,0
DA:3,0
DA:4,0
DA:6,0
DA:8,0
LF:5
LH:0
BRDA:3,0,0,0
BRDA:4,1,0,0
BRDA:4,1,1,0
BRF:3
BRH:0
end_of_record
TN:
SF:/Users/vivianesantanaluz/Desktop/Future4/Viviane-Luz/semana12/projeto/planner-boilerplate/src/reducers/task.teste.js
FNF:0
FNH:0
LF:0
LH:0
BRF:0
BRH:0
end_of_record
TN:
SF:/Users/vivianesantanaluz/Desktop/Future4/Viviane-Luz/semana12/projeto/planner-boilerplate/src/style/theme.js
FNF:0
FNH:0
LF:0
LH:0
BRF:0
BRH:0
end_of_record
